<?xml version="1.0" encoding="UTF-8"?>
<!-- Generated by org.testng.reporters.JUnitReportReporter -->
<testsuite skipped="0" hostname="C02XG1K7JG5M" name="com.qa.tests.RefyneTests" tests="5" failures="0" timestamp="23 May 2021 05:05:40 GMT" time="12.799" errors="0">
  <testcase name="searchCar" time="2.245" classname="com.qa.tests.RefyneTests"/>
  <testcase name="calculatePrice" time="2.382" classname="com.qa.tests.RefyneTests"/>
  <testcase name="listBookings" time="2.231" classname="com.qa.tests.RefyneTests"/>
  <testcase name="bookCar" time="3.348" classname="com.qa.tests.RefyneTests"/>
  <testcase name="loginUser" time="2.593" classname="com.qa.tests.RefyneTests"/>
</testsuite> <!-- com.qa.tests.RefyneTests -->
