<?xml version="1.0" encoding="UTF-8"?>
<!-- Generated by org.testng.reporters.JUnitReportReporter -->
<testsuite skipped="0" hostname="C02XG1K7JG5M" name="com.qa.tests.CabookingTest" tests="4" failures="0" timestamp="23 May 2021 06:52:03 GMT" time="0.002" errors="0">
  <testcase name="checkContentTypeCarBooking" time="0.000" classname="com.qa.tests.CabookingTest"/>
  <testcase name="checkStatusCodeCarBooking" time="0.000" classname="com.qa.tests.CabookingTest"/>
  <testcase name="checkResposeBodyCarBooking" time="0.001" classname="com.qa.tests.CabookingTest"/>
  <testcase name="checkstatusLineCarBooking" time="0.001" classname="com.qa.tests.CabookingTest"/>
</testsuite> <!-- com.qa.tests.CabookingTest -->
