<?xml version="1.0" encoding="UTF-8"?>
<!-- Generated by org.testng.reporters.JUnitReportReporter -->
<testsuite skipped="0" hostname="C02XG1K7JG5M" name="com.qa.tests.SearchcarTest" tests="3" failures="0" timestamp="23 May 2021 06:52:03 GMT" time="0.006" errors="0">
  <testcase name="checkContentTypeSearchcar" time="0.004" classname="com.qa.tests.SearchcarTest"/>
  <testcase name="checkstatusLineSearchcar" time="0.001" classname="com.qa.tests.SearchcarTest"/>
  <testcase name="checkStatusCodeSearchcar" time="0.001" classname="com.qa.tests.SearchcarTest"/>
</testsuite> <!-- com.qa.tests.SearchcarTest -->
