<?xml version="1.0" encoding="UTF-8"?>
<!-- Generated by org.testng.reporters.JUnitReportReporter -->
<testsuite skipped="0" hostname="C02XG1K7JG5M" name="com.qa.tests.LoginuserTest" tests="4" failures="0" timestamp="23 May 2021 06:52:03 GMT" time="0.010" errors="0">
  <testcase name="checkContentTypeLoginuser" time="0.001" classname="com.qa.tests.LoginuserTest"/>
  <testcase name="checkResposeBodyLoginuser" time="0.008" classname="com.qa.tests.LoginuserTest"/>
  <testcase name="checkStatusCodeLoginuser" time="0.001" classname="com.qa.tests.LoginuserTest"/>
  <testcase name="checkstatusLineLoginuser" time="0.000" classname="com.qa.tests.LoginuserTest"/>
</testsuite> <!-- com.qa.tests.LoginuserTest -->
