<?xml version="1.0" encoding="UTF-8"?>
<!-- Generated by org.testng.reporters.JUnitReportReporter -->
<testsuite skipped="0" hostname="C02XG1K7JG5M" name="com.qa.tests.CarbookingTest" tests="4" failures="0" timestamp="23 May 2021 12:37:31 GMT" time="0.001" errors="0">
  <testcase name="checkStatusCodeCarBooking" time="0.000" classname="com.qa.tests.CarbookingTest"/>
  <testcase name="checkResposeBodyCarBooking" time="0.000" classname="com.qa.tests.CarbookingTest"/>
  <testcase name="checkContentTypeCarBooking" time="0.001" classname="com.qa.tests.CarbookingTest"/>
  <testcase name="checkstatusLineCarBooking" time="0.000" classname="com.qa.tests.CarbookingTest"/>
</testsuite> <!-- com.qa.tests.CarbookingTest -->
