<?xml version="1.0" encoding="UTF-8"?>
<!-- Generated by org.testng.reporters.JUnitReportReporter -->
<testsuite skipped="0" hostname="C02XG1K7JG5M" name="com.qa.tests.ListBookingsTest" tests="3" failures="0" timestamp="23 May 2021 12:37:31 GMT" time="0.000" errors="0">
  <testcase name="checkContentTypeListBookings" time="0.000" classname="com.qa.tests.ListBookingsTest"/>
  <testcase name="checkstatusLineListBookings" time="0.000" classname="com.qa.tests.ListBookingsTest"/>
  <testcase name="checkStatusCodeListBookings" time="0.000" classname="com.qa.tests.ListBookingsTest"/>
</testsuite> <!-- com.qa.tests.ListBookingsTest -->
