<?xml version="1.0" encoding="UTF-8"?>
<!-- Generated by org.testng.reporters.JUnitReportReporter -->
<testsuite skipped="0" hostname="C02XG1K7JG5M" name="com.qa.tests.CalculatepriceTest" tests="4" failures="0" timestamp="23 May 2021 12:37:31 GMT" time="0.000" errors="0">
  <testcase name="checkContentTypeCalculateprice" time="0.000" classname="com.qa.tests.CalculatepriceTest"/>
  <testcase name="checkStatusCodeCalculateprice" time="0.000" classname="com.qa.tests.CalculatepriceTest"/>
  <testcase name="checkstatusLineCalculateprice" time="0.000" classname="com.qa.tests.CalculatepriceTest"/>
  <testcase name="checkResposeBodyCalculateprice" time="0.000" classname="com.qa.tests.CalculatepriceTest"/>
</testsuite> <!-- com.qa.tests.CalculatepriceTest -->
